<?xml version="1.0" encoding="UTF-8"?>
<!-- Generated by org.testng.reporters.JUnitReportReporter -->
<testsuite hostname="Dell" failures="0" tests="1" name="chrome.Login" time="13.250" errors="0" timestamp="2020-10-24T08:22:54 IST" skipped="0">
  <testcase classname="chrome.Login" name="loginToLeafTaps" time="13.250"/>
  <system-out/>
</testsuite> <!-- chrome.Login -->
